0 info it worked if it ends with ok
1 verbose cli [ 'node', '/home/dolphin/local/bin/npm', 'run', 'build' ]
2 info using npm@1.4.17
3 info using node@v0.10.29
4 verbose run-script [ 'prebuild', 'build', 'postbuild' ]
5 info prebuild daisywheeljs-site@0.1.0
6 info build daisywheeljs-site@0.1.0
7 verbose unsafe-perm in lifecycle true
8 info daisywheeljs-site@0.1.0 Failed to exec build script
9 error daisywheeljs-site@0.1.0 build: ` browserify -t reactify -t uglifyify js/main.js > build/scripts.js`
9 error Exit status 1
10 error Failed at the daisywheeljs-site@0.1.0 build script.
10 error This is most likely a problem with the daisywheeljs-site package,
10 error not with npm itself.
10 error Tell the author that this fails on your system:
10 error      browserify -t reactify -t uglifyify js/main.js > build/scripts.js
10 error You can get their info via:
10 error     npm owner ls daisywheeljs-site
10 error There is likely additional logging output above.
11 error System Linux 3.13.0-24-generic
12 error command "node" "/home/dolphin/local/bin/npm" "run" "build"
13 error cwd /home/dolphin/Desktop/daisywheeljs
14 error node -v v0.10.29
15 error npm -v 1.4.17
16 error code ELIFECYCLE
17 verbose exit [ 1, true ]
